<?xml version="1.0" encoding="utf-8"?><testsuites name="pytest tests"><testsuite name="pytest" errors="0" failures="0" skipped="0" tests="8" time="0.758" timestamp="2025-10-05T22:34:34.025028+03:00" hostname="MV-Stealth"><testcase classname="tests.integration.test_context_window_integration.TestContextWindowIntegration" name="test_chat_history_manager_integration" time="0.004" /><testcase classname="tests.integration.test_context_window_integration.TestContextWindowIntegration" name="test_retrieval_efficiency" time="0.003" /><testcase classname="tests.integration.test_context_window_integration.TestContextWindowIntegration" name="test_model_fallback_behavior" time="0.003" /><testcase classname="tests.integration.test_context_window_integration.TestContextWindowIntegration" name="test_token_estimation_accuracy" time="0.003" /><testcase classname="tests.integration.test_context_window_integration.TestContextWindowIntegration" name="test_truncation_detection" time="0.003" /><testcase classname="tests.integration.test_context_window_integration.TestContextWindowIntegration" name="test_all_models_have_config" time="0.003" /><testcase classname="tests.integration.test_context_window_integration.TestContextWindowIntegration" name="test_config_file_loading" time="0.003" /><testcase classname="tests.integration.test_context_window_integration.TestEndpointIntegration" name="test_chat_endpoint_uses_context_manager" time="0.003" /></testsuite></testsuites>
