<?xml version="1.0" encoding="utf-8"?><testsuites name="pytest tests"><testsuite name="pytest" errors="0" failures="0" skipped="0" tests="12" time="0.093" timestamp="2025-10-05T22:34:32.710967+03:00" hostname="MV-Stealth"><testcase classname="tests.unit.test_context_window_manager.TestContextWindowManager" name="test_load_model_config" time="0.003" /><testcase classname="tests.unit.test_context_window_manager.TestContextWindowManager" name="test_model_switching" time="0.003" /><testcase classname="tests.unit.test_context_window_manager.TestContextWindowManager" name="test_unknown_model_fallback" time="0.003" /><testcase classname="tests.unit.test_context_window_manager.TestContextWindowManager" name="test_token_estimation" time="0.003" /><testcase classname="tests.unit.test_context_window_manager.TestContextWindowManager" name="test_retrieval_limit_calculation" time="0.003" /><testcase classname="tests.unit.test_context_window_manager.TestContextWindowManager" name="test_should_truncate_history" time="0.003" /><testcase classname="tests.unit.test_context_window_manager.TestContextWindowManager" name="test_get_model_info" time="0.003" /><testcase classname="tests.unit.test_context_window_manager.TestContextWindowManager" name="test_fallback_config_when_file_missing" time="0.000" /><testcase classname="tests.unit.test_context_window_manager.TestContextWindowManager" name="test_all_models_configured" time="0.003" /><testcase classname="tests.unit.test_context_window_manager.TestContextWindowManager" name="test_model_aware_limits_differ" time="0.003" /><testcase classname="tests.unit.test_context_window_manager.TestContextWindowManager" name="test_custom_yaml_loading" time="0.003" /><testcase classname="tests.unit.test_context_window_manager.TestContextWindowManager" name="test_efficiency_improvement" time="0.003" /></testsuite></testsuites>
