<?xml version="1.0" encoding="utf-8"?><testsuites name="pytest tests"><testsuite name="pytest" errors="0" failures="1" skipped="0" tests="10" time="1.200" timestamp="2025-10-05T22:34:30.817257+03:00" hostname="MV-Stealth"><testcase classname="tests.unit.test_database_init.TestDatabaseInitialization" name="test_schema_file_exists" time="0.001" /><testcase classname="tests.unit.test_database_init.TestDatabaseInitialization" name="test_schema_file_readable" time="0.001" /><testcase classname="tests.unit.test_database_init.TestDatabaseInitialization" name="test_database_initialization" time="0.175" /><testcase classname="tests.unit.test_database_init.TestDatabaseInitialization" name="test_database_indexes_created" time="0.160" /><testcase classname="tests.unit.test_database_init.TestDatabaseInitialization" name="test_database_views_created" time="0.159" /><testcase classname="tests.unit.test_database_init.TestDatabaseInitialization" name="test_database_triggers_created" time="0.153" /><testcase classname="tests.unit.test_database_init.TestDatabaseInitialization" name="test_idempotent_initialization" time="0.150"><failure message="AssertionError: Expected 5 tables, got 6&#10;assert 6 == 5&#10; +  where 6 = len(['conversation_files', 'file_access_log', 'file_cleanup_queue', 'file_metadata', 'session_file_associations', 'sqlite_sequence'])">tests/unit/test_database_init.py:165: in test_idempotent_initialization
    assert len(tables) == 5, f"Expected 5 tables, got {len(tables)}"
E   AssertionError: Expected 5 tables, got 6
E   assert 6 == 5
E    +  where 6 = len(['conversation_files', 'file_access_log', 'file_cleanup_queue', 'file_metadata', 'session_file_associations', 'sqlite_sequence'])</failure></testcase><testcase classname="tests.unit.test_database_init.TestDatabaseInitialization" name="test_table_constraints" time="0.154" /><testcase classname="tests.unit.test_database_init.TestDatabaseInitialization" name="test_foreign_key_constraints" time="0.159" /><testcase classname="tests.unit.test_database_init.TestDatabaseInitialization" name="test_graceful_handling_missing_schema" time="0.001" /></testsuite></testsuites>
