<?xml version="1.0" encoding="utf-8"?><testsuites name="pytest tests"><testsuite name="pytest" errors="1" failures="0" skipped="0" tests="1" time="21.896" timestamp="2025-10-05T22:35:09.523794+03:00" hostname="MV-Stealth"><testcase classname="" name="tests.performance.test_performance_benchmarks" time="0.000"><error message="collection failure">ImportError while importing test module '/home/kali/Desktop/AutoBot/tests/performance/test_performance_benchmarks.py'.
Hint: make sure your test modules/packages have valid Python names.
Traceback:
../../.pyenv/versions/3.10.13/lib/python3.10/site-packages/_pytest/python.py:498: in importtestmodule
    mod = import_path(
../../.pyenv/versions/3.10.13/lib/python3.10/site-packages/_pytest/pathlib.py:587: in import_path
    importlib.import_module(module_name)
../../.pyenv/versions/3.10.13/lib/python3.10/importlib/__init__.py:126: in import_module
    return _bootstrap._gcd_import(name[level:], package, level)
&lt;frozen importlib._bootstrap&gt;:1050: in _gcd_import
    ???
&lt;frozen importlib._bootstrap&gt;:1027: in _find_and_load
    ???
&lt;frozen importlib._bootstrap&gt;:1006: in _find_and_load_unlocked
    ???
&lt;frozen importlib._bootstrap&gt;:688: in _load_unlocked
    ???
../../.pyenv/versions/3.10.13/lib/python3.10/site-packages/_pytest/assertion/rewrite.py:186: in exec_module
    exec(co, module.__dict__)
tests/performance/test_performance_benchmarks.py:26: in &lt;module&gt;
    from src.orchestrator import Orchestrator
src/orchestrator.py:22: in &lt;module&gt;
    from src.memory_manager import MemoryManager
E   ImportError: cannot import name 'MemoryManager' from 'src.memory_manager' (/home/kali/Desktop/AutoBot/src/memory_manager.py)</error></testcase></testsuite></testsuites>
