<?xml version="1.0" encoding="utf-8"?><testsuites name="pytest tests"><testsuite name="pytest" errors="0" failures="0" skipped="0" tests="5" time="3.444" timestamp="2025-10-05T22:35:02.672715+03:00" hostname="MV-Stealth"><testcase classname="tests.performance.test_async_chat_performance" name="test_event_loop_no_blocking" time="0.050" /><testcase classname="tests.performance.test_async_chat_performance" name="test_concurrent_chat_requests" time="0.109" /><testcase classname="tests.performance.test_async_chat_performance" name="test_redis_async_operations" time="0.124" /><testcase classname="tests.performance.test_async_chat_performance" name="test_file_io_async_operations" time="0.026" /><testcase classname="tests.performance.test_async_chat_performance" name="test_mixed_operations_concurrency" time="0.343" /></testsuite></testsuites>
