<?xml version="1.0" encoding="utf-8"?><testsuites name="pytest tests"><testsuite name="pytest" errors="0" failures="0" skipped="0" tests="9" time="0.164" timestamp="2025-10-05T22:35:08.432892+03:00" hostname="MV-Stealth"><testcase classname="tests.performance.test_context_window_performance.TestContextWindowPerformance" name="test_config_load_time" time="0.007" /><testcase classname="tests.performance.test_context_window_performance.TestContextWindowPerformance" name="test_message_limit_lookup_speed" time="0.006" /><testcase classname="tests.performance.test_context_window_performance.TestContextWindowPerformance" name="test_redis_fetch_efficiency_improvement" time="0.005" /><testcase classname="tests.performance.test_context_window_performance.TestContextWindowPerformance" name="test_model_switching_overhead" time="0.004" /><testcase classname="tests.performance.test_context_window_performance.TestContextWindowPerformance" name="test_token_estimation_speed" time="0.004" /><testcase classname="tests.performance.test_context_window_performance.TestContextWindowPerformance" name="test_memory_footprint" time="0.004" /><testcase classname="tests.performance.test_context_window_performance.TestContextWindowPerformance" name="test_concurrent_access_performance" time="0.004" /><testcase classname="tests.performance.test_context_window_performance.TestRealWorldScenarios" name="test_typical_chat_session_performance" time="0.004" /><testcase classname="tests.performance.test_context_window_performance.TestRealWorldScenarios" name="test_high_load_simulation" time="0.004" /></testsuite></testsuites>
